  PlayerGreen.cpp
C:\Users\Dell\Desktop\C++\ludoproject\PlayerGreen.h(18,108): warning C4305: 'initializing': truncation from 'double' to 'float'
C:\Users\Dell\Desktop\C++\ludoproject\PlayerGreen.h(23,101): warning C4305: 'initializing': truncation from 'double' to 'float'
  PlayerRed.cpp
C:\Users\Dell\Desktop\C++\ludoproject\PlayerRed.h(19,101): warning C4305: 'initializing': truncation from 'double' to 'float'
C:\Users\Dell\Desktop\C++\ludoproject\PlayerRed.h(24,46): warning C4305: 'initializing': truncation from 'double' to 'float'
C:\Users\Dell\Desktop\C++\ludoproject\PlayerRed.cpp(55,44): warning C4244: 'argument': conversion from 'float' to 'int', possible loss of data
C:\Users\Dell\Desktop\C++\ludoproject\PlayerRed.cpp(56,32): warning C4244: 'argument': conversion from 'float' to 'int', possible loss of data
C:\Users\Dell\Desktop\C++\ludoproject\PlayerRed.cpp(56,54): warning C4244: 'argument': conversion from 'float' to 'int', possible loss of data
C:\Users\Dell\Desktop\C++\ludoproject\PlayerRed.cpp(60,31): warning C4244: 'argument': conversion from 'float' to 'int', possible loss of data
C:\Users\Dell\Desktop\C++\ludoproject\PlayerRed.cpp(60,53): warning C4244: 'argument': conversion from 'float' to 'int', possible loss of data
  Source.cpp
C:\Users\Dell\Desktop\C++\ludoproject\PlayerYellow.h(17,157): warning C4305: 'initializing': truncation from 'double' to 'float'
C:\Users\Dell\Desktop\C++\ludoproject\PlayerYellow.h(22,105): warning C4305: 'initializing': truncation from 'double' to 'float'
C:\Users\Dell\Desktop\C++\ludoproject\PlayerBlue.h(18,45): warning C4305: 'initializing': truncation from 'double' to 'float'
C:\Users\Dell\Desktop\C++\ludoproject\PlayerBlue.h(23,152): warning C4305: 'initializing': truncation from 'double' to 'float'
C:\Users\Dell\Desktop\C++\ludoproject\PlayerGreen.h(18,108): warning C4305: 'initializing': truncation from 'double' to 'float'
C:\Users\Dell\Desktop\C++\ludoproject\PlayerGreen.h(23,101): warning C4305: 'initializing': truncation from 'double' to 'float'
C:\Users\Dell\Desktop\C++\ludoproject\PlayerRed.h(19,101): warning C4305: 'initializing': truncation from 'double' to 'float'
C:\Users\Dell\Desktop\C++\ludoproject\PlayerRed.h(24,46): warning C4305: 'initializing': truncation from 'double' to 'float'
C:\Users\Dell\Desktop\C++\ludoproject\dice.cpp(40,19): warning C4244: 'argument': conversion from 'time_t' to 'unsigned int', possible loss of data
C:\Users\Dell\Desktop\C++\ludoproject\Source.cpp(22,61): warning C4244: 'argument': conversion from 'T' to 'float', possible loss of data
          with
          [
              T=unsigned int
          ]
C:\Users\Dell\Desktop\C++\ludoproject\Source.cpp(22,36): warning C4244: 'argument': conversion from 'T' to 'float', possible loss of data
          with
          [
              T=unsigned int
          ]
C:\Users\Dell\Desktop\C++\ludoproject\Source.cpp(197,25): warning C4551: function call missing argument list
  Generating Code...
  ludoproject.vcxproj -> C:\Users\Dell\Desktop\C++\ludoproject\x64\Debug\ludoproject.exe
